[2018-07-19 03:33:31] local.ERROR: include(/usr/local/var/www/eoffcn/test-dk/vendor/composer/../tymon/jwt-auth/src/Providers/LaravelServiceProvider.php): failed to open stream: No such file or directory {"exception":"[object] (ErrorException(code: 0): include(/usr/local/var/www/eoffcn/test-dk/vendor/composer/../tymon/jwt-auth/src/Providers/LaravelServiceProvider.php): failed to open stream: No such file or directory at /usr/local/var/www/eoffcn/test-dk/vendor/composer/ClassLoader.php:444)
[stacktrace]
#0 /usr/local/var/www/eoffcn/test-dk/vendor/composer/ClassLoader.php(444): Illuminate\\Foundation\\Bootstrap\\HandleExceptions->handleError(2, 'include(/usr/lo...', '/usr/local/var/...', 444, Array)
#1 /usr/local/var/www/eoffcn/test-dk/vendor/composer/ClassLoader.php(444): include()
#2 /usr/local/var/www/eoffcn/test-dk/vendor/composer/ClassLoader.php(322): Composer\\Autoload\\includeFile('/usr/local/var/...')
#3 [internal function]: Composer\\Autoload\\ClassLoader->loadClass('Tymon\\\\JWTAuth\\\\P...')
#4 /usr/local/var/www/eoffcn/test-dk/vendor/laravel/framework/src/Illuminate/Foundation/Application.php(635): spl_autoload_call('Tymon\\\\JWTAuth\\\\P...')
#5 /usr/local/var/www/eoffcn/test-dk/vendor/laravel/framework/src/Illuminate/Foundation/Application.php(582): Illuminate\\Foundation\\Application->resolveProvider('Tymon\\\\JWTAuth\\\\P...')
#6 /usr/local/var/www/eoffcn/test-dk/vendor/laravel/framework/src/Illuminate/Foundation/ProviderRepository.php(75): Illuminate\\Foundation\\Application->register('Tymon\\\\JWTAuth\\\\P...')
#7 /usr/local/var/www/eoffcn/test-dk/vendor/laravel/framework/src/Illuminate/Foundation/Application.php(561): Illuminate\\Foundation\\ProviderRepository->load(Array)
#8 /usr/local/var/www/eoffcn/test-dk/vendor/laravel/framework/src/Illuminate/Foundation/Bootstrap/RegisterProviders.php(17): Illuminate\\Foundation\\Application->registerConfiguredProviders()
#9 /usr/local/var/www/eoffcn/test-dk/vendor/laravel/framework/src/Illuminate/Foundation/Application.php(213): Illuminate\\Foundation\\Bootstrap\\RegisterProviders->bootstrap(Object(Illuminate\\Foundation\\Application))
#10 /usr/local/var/www/eoffcn/test-dk/vendor/laravel/framework/src/Illuminate/Foundation/Http/Kernel.php(162): Illuminate\\Foundation\\Application->bootstrapWith(Array)
#11 /usr/local/var/www/eoffcn/test-dk/vendor/laravel/framework/src/Illuminate/Foundation/Http/Kernel.php(146): Illuminate\\Foundation\\Http\\Kernel->bootstrap()
#12 /usr/local/var/www/eoffcn/test-dk/vendor/laravel/framework/src/Illuminate/Foundation/Http/Kernel.php(116): Illuminate\\Foundation\\Http\\Kernel->sendRequestThroughRouter(Object(Illuminate\\Http\\Request))
#13 /usr/local/var/www/eoffcn/test-dk/public/index.php(55): Illuminate\\Foundation\\Http\\Kernel->handle(Object(Illuminate\\Http\\Request))
#14 {main}
"} 
[2018-07-19 03:45:08] local.ERROR: Class App\Http\Controllers\Api\UserController does not exist {"exception":"[object] (ReflectionException(code: -1): Class App\\Http\\Controllers\\Api\\UserController does not exist at /usr/local/var/www/eoffcn/test-dk/vendor/laravel/framework/src/Illuminate/Container/Container.php:752)
[stacktrace]
#0 /usr/local/var/www/eoffcn/test-dk/vendor/laravel/framework/src/Illuminate/Container/Container.php(752): ReflectionClass->__construct('App\\\\Http\\\\Contro...')
#1 /usr/local/var/www/eoffcn/test-dk/vendor/laravel/framework/src/Illuminate/Container/Container.php(631): Illuminate\\Container\\Container->build('App\\\\Http\\\\Contro...')
#2 /usr/local/var/www/eoffcn/test-dk/vendor/laravel/framework/src/Illuminate/Container/Container.php(586): Illuminate\\Container\\Container->resolve('App\\\\Http\\\\Contro...', Array)
#3 /usr/local/var/www/eoffcn/test-dk/vendor/laravel/framework/src/Illuminate/Foundation/Application.php(732): Illuminate\\Container\\Container->make('App\\\\Http\\\\Contro...', Array)
#4 /usr/local/var/www/eoffcn/test-dk/vendor/laravel/framework/src/Illuminate/Routing/Route.php(226): Illuminate\\Foundation\\Application->make('App\\\\Http\\\\Contro...')
#5 /usr/local/var/www/eoffcn/test-dk/vendor/laravel/framework/src/Illuminate/Routing/Route.php(796): Illuminate\\Routing\\Route->getController()
#6 /usr/local/var/www/eoffcn/test-dk/vendor/laravel/framework/src/Illuminate/Routing/Route.php(757): Illuminate\\Routing\\Route->controllerMiddleware()
#7 /usr/local/var/www/eoffcn/test-dk/vendor/laravel/framework/src/Illuminate/Routing/Router.php(671): Illuminate\\Routing\\Route->gatherMiddleware()
#8 /usr/local/var/www/eoffcn/test-dk/vendor/laravel/framework/src/Illuminate/Routing/Router.php(651): Illuminate\\Routing\\Router->gatherRouteMiddleware(Object(Illuminate\\Routing\\Route))
#9 /usr/local/var/www/eoffcn/test-dk/vendor/laravel/framework/src/Illuminate/Routing/Router.php(635): Illuminate\\Routing\\Router->runRouteWithinStack(Object(Illuminate\\Routing\\Route), Object(Dingo\\Api\\Http\\Request))
#10 /usr/local/var/www/eoffcn/test-dk/vendor/laravel/framework/src/Illuminate/Routing/Router.php(601): Illuminate\\Routing\\Router->runRoute(Object(Dingo\\Api\\Http\\Request), Object(Illuminate\\Routing\\Route))
#11 /usr/local/var/www/eoffcn/test-dk/vendor/laravel/framework/src/Illuminate/Routing/Router.php(590): Illuminate\\Routing\\Router->dispatchToRoute(Object(Dingo\\Api\\Http\\Request))
#12 /usr/local/var/www/eoffcn/test-dk/vendor/dingo/api/src/Routing/Adapter/Laravel.php(81): Illuminate\\Routing\\Router->dispatch(Object(Dingo\\Api\\Http\\Request))
#13 /usr/local/var/www/eoffcn/test-dk/vendor/dingo/api/src/Routing/Router.php(512): Dingo\\Api\\Routing\\Adapter\\Laravel->dispatch(Object(Dingo\\Api\\Http\\Request), 'v1')
#14 /usr/local/var/www/eoffcn/test-dk/vendor/dingo/api/src/Http/Middleware/Request.php(126): Dingo\\Api\\Routing\\Router->dispatch(Object(Dingo\\Api\\Http\\Request))
#15 /usr/local/var/www/eoffcn/test-dk/vendor/laravel/framework/src/Illuminate/Pipeline/Pipeline.php(114): Dingo\\Api\\Http\\Middleware\\Request->Dingo\\Api\\Http\\Middleware\\{closure}(Object(Dingo\\Api\\Http\\Request))
#16 /usr/local/var/www/eoffcn/test-dk/vendor/barryvdh/laravel-debugbar/src/Middleware/InjectDebugbar.php(65): Illuminate\\Pipeline\\Pipeline->Illuminate\\Pipeline\\{closure}(Object(Dingo\\Api\\Http\\Request))
#17 /usr/local/var/www/eoffcn/test-dk/vendor/laravel/framework/src/Illuminate/Pipeline/Pipeline.php(149): Barryvdh\\Debugbar\\Middleware\\InjectDebugbar->handle(Object(Dingo\\Api\\Http\\Request), Object(Closure))
#18 /usr/local/var/www/eoffcn/test-dk/vendor/fideloper/proxy/src/TrustProxies.php(56): Illuminate\\Pipeline\\Pipeline->Illuminate\\Pipeline\\{closure}(Object(Dingo\\Api\\Http\\Request))
#19 /usr/local/var/www/eoffcn/test-dk/vendor/laravel/framework/src/Illuminate/Pipeline/Pipeline.php(149): Fideloper\\Proxy\\TrustProxies->handle(Object(Dingo\\Api\\Http\\Request), Object(Closure))
#20 /usr/local/var/www/eoffcn/test-dk/vendor/laravel/framework/src/Illuminate/Foundation/Http/Middleware/TransformsRequest.php(30): Illuminate\\Pipeline\\Pipeline->Illuminate\\Pipeline\\{closure}(Object(Dingo\\Api\\Http\\Request))
#21 /usr/local/var/www/eoffcn/test-dk/vendor/laravel/framework/src/Illuminate/Pipeline/Pipeline.php(149): Illuminate\\Foundation\\Http\\Middleware\\TransformsRequest->handle(Object(Dingo\\Api\\Http\\Request), Object(Closure))
#22 /usr/local/var/www/eoffcn/test-dk/vendor/laravel/framework/src/Illuminate/Foundation/Http/Middleware/TransformsRequest.php(30): Illuminate\\Pipeline\\Pipeline->Illuminate\\Pipeline\\{closure}(Object(Dingo\\Api\\Http\\Request))
#23 /usr/local/var/www/eoffcn/test-dk/vendor/laravel/framework/src/Illuminate/Pipeline/Pipeline.php(149): Illuminate\\Foundation\\Http\\Middleware\\TransformsRequest->handle(Object(Dingo\\Api\\Http\\Request), Object(Closure))
#24 /usr/local/var/www/eoffcn/test-dk/vendor/laravel/framework/src/Illuminate/Foundation/Http/Middleware/ValidatePostSize.php(27): Illuminate\\Pipeline\\Pipeline->Illuminate\\Pipeline\\{closure}(Object(Dingo\\Api\\Http\\Request))
#25 /usr/local/var/www/eoffcn/test-dk/vendor/laravel/framework/src/Illuminate/Pipeline/Pipeline.php(149): Illuminate\\Foundation\\Http\\Middleware\\ValidatePostSize->handle(Object(Dingo\\Api\\Http\\Request), Object(Closure))
#26 /usr/local/var/www/eoffcn/test-dk/vendor/laravel/framework/src/Illuminate/Foundation/Http/Middleware/CheckForMaintenanceMode.php(46): Illuminate\\Pipeline\\Pipeline->Illuminate\\Pipeline\\{closure}(Object(Dingo\\Api\\Http\\Request))
#27 /usr/local/var/www/eoffcn/test-dk/vendor/laravel/framework/src/Illuminate/Pipeline/Pipeline.php(149): Illuminate\\Foundation\\Http\\Middleware\\CheckForMaintenanceMode->handle(Object(Dingo\\Api\\Http\\Request), Object(Closure))
#28 /usr/local/var/www/eoffcn/test-dk/vendor/laravel/framework/src/Illuminate/Pipeline/Pipeline.php(102): Illuminate\\Pipeline\\Pipeline->Illuminate\\Pipeline\\{closure}(Object(Dingo\\Api\\Http\\Request))
#29 /usr/local/var/www/eoffcn/test-dk/vendor/dingo/api/src/Http/Middleware/Request.php(127): Illuminate\\Pipeline\\Pipeline->then(Object(Closure))
#30 /usr/local/var/www/eoffcn/test-dk/vendor/dingo/api/src/Http/Middleware/Request.php(103): Dingo\\Api\\Http\\Middleware\\Request->sendRequestThroughRouter(Object(Dingo\\Api\\Http\\Request))
#31 /usr/local/var/www/eoffcn/test-dk/vendor/laravel/framework/src/Illuminate/Pipeline/Pipeline.php(149): Dingo\\Api\\Http\\Middleware\\Request->handle(Object(Dingo\\Api\\Http\\Request), Object(Closure))
#32 /usr/local/var/www/eoffcn/test-dk/vendor/laravel/framework/src/Illuminate/Routing/Pipeline.php(53): Illuminate\\Pipeline\\Pipeline->Illuminate\\Pipeline\\{closure}(Object(Illuminate\\Http\\Request))
#33 /usr/local/var/www/eoffcn/test-dk/vendor/laravel/framework/src/Illuminate/Pipeline/Pipeline.php(102): Illuminate\\Routing\\Pipeline->Illuminate\\Routing\\{closure}(Object(Illuminate\\Http\\Request))
#34 /usr/local/var/www/eoffcn/test-dk/vendor/laravel/framework/src/Illuminate/Foundation/Http/Kernel.php(151): Illuminate\\Pipeline\\Pipeline->then(Object(Closure))
#35 /usr/local/var/www/eoffcn/test-dk/vendor/laravel/framework/src/Illuminate/Foundation/Http/Kernel.php(116): Illuminate\\Foundation\\Http\\Kernel->sendRequestThroughRouter(Object(Illuminate\\Http\\Request))
#36 /usr/local/var/www/eoffcn/test-dk/public/index.php(55): Illuminate\\Foundation\\Http\\Kernel->handle(Object(Illuminate\\Http\\Request))
#37 {main}
"} 
[2018-07-19 03:46:35] local.ERROR: Class App\Http\Controllers\Api\UserController does not exist {"exception":"[object] (ReflectionException(code: -1): Class App\\Http\\Controllers\\Api\\UserController does not exist at /usr/local/var/www/eoffcn/test-dk/vendor/laravel/framework/src/Illuminate/Container/Container.php:752)
[stacktrace]
#0 /usr/local/var/www/eoffcn/test-dk/vendor/laravel/framework/src/Illuminate/Container/Container.php(752): ReflectionClass->__construct('App\\\\Http\\\\Contro...')
#1 /usr/local/var/www/eoffcn/test-dk/vendor/laravel/framework/src/Illuminate/Container/Container.php(631): Illuminate\\Container\\Container->build('App\\\\Http\\\\Contro...')
#2 /usr/local/var/www/eoffcn/test-dk/vendor/laravel/framework/src/Illuminate/Container/Container.php(586): Illuminate\\Container\\Container->resolve('App\\\\Http\\\\Contro...', Array)
#3 /usr/local/var/www/eoffcn/test-dk/vendor/laravel/framework/src/Illuminate/Foundation/Application.php(732): Illuminate\\Container\\Container->make('App\\\\Http\\\\Contro...', Array)
#4 /usr/local/var/www/eoffcn/test-dk/vendor/laravel/framework/src/Illuminate/Routing/Route.php(226): Illuminate\\Foundation\\Application->make('App\\\\Http\\\\Contro...')
#5 /usr/local/var/www/eoffcn/test-dk/vendor/laravel/framework/src/Illuminate/Routing/Route.php(796): Illuminate\\Routing\\Route->getController()
#6 /usr/local/var/www/eoffcn/test-dk/vendor/laravel/framework/src/Illuminate/Routing/Route.php(757): Illuminate\\Routing\\Route->controllerMiddleware()
#7 /usr/local/var/www/eoffcn/test-dk/vendor/laravel/framework/src/Illuminate/Routing/Router.php(671): Illuminate\\Routing\\Route->gatherMiddleware()
#8 /usr/local/var/www/eoffcn/test-dk/vendor/laravel/framework/src/Illuminate/Routing/Router.php(651): Illuminate\\Routing\\Router->gatherRouteMiddleware(Object(Illuminate\\Routing\\Route))
#9 /usr/local/var/www/eoffcn/test-dk/vendor/laravel/framework/src/Illuminate/Routing/Router.php(635): Illuminate\\Routing\\Router->runRouteWithinStack(Object(Illuminate\\Routing\\Route), Object(Dingo\\Api\\Http\\Request))
#10 /usr/local/var/www/eoffcn/test-dk/vendor/laravel/framework/src/Illuminate/Routing/Router.php(601): Illuminate\\Routing\\Router->runRoute(Object(Dingo\\Api\\Http\\Request), Object(Illuminate\\Routing\\Route))
#11 /usr/local/var/www/eoffcn/test-dk/vendor/laravel/framework/src/Illuminate/Routing/Router.php(590): Illuminate\\Routing\\Router->dispatchToRoute(Object(Dingo\\Api\\Http\\Request))
#12 /usr/local/var/www/eoffcn/test-dk/vendor/dingo/api/src/Routing/Adapter/Laravel.php(81): Illuminate\\Routing\\Router->dispatch(Object(Dingo\\Api\\Http\\Request))
#13 /usr/local/var/www/eoffcn/test-dk/vendor/dingo/api/src/Routing/Router.php(512): Dingo\\Api\\Routing\\Adapter\\Laravel->dispatch(Object(Dingo\\Api\\Http\\Request), 'v1')
#14 /usr/local/var/www/eoffcn/test-dk/vendor/dingo/api/src/Http/Middleware/Request.php(126): Dingo\\Api\\Routing\\Router->dispatch(Object(Dingo\\Api\\Http\\Request))
#15 /usr/local/var/www/eoffcn/test-dk/vendor/laravel/framework/src/Illuminate/Pipeline/Pipeline.php(114): Dingo\\Api\\Http\\Middleware\\Request->Dingo\\Api\\Http\\Middleware\\{closure}(Object(Dingo\\Api\\Http\\Request))
#16 /usr/local/var/www/eoffcn/test-dk/vendor/barryvdh/laravel-debugbar/src/Middleware/InjectDebugbar.php(65): Illuminate\\Pipeline\\Pipeline->Illuminate\\Pipeline\\{closure}(Object(Dingo\\Api\\Http\\Request))
#17 /usr/local/var/www/eoffcn/test-dk/vendor/laravel/framework/src/Illuminate/Pipeline/Pipeline.php(149): Barryvdh\\Debugbar\\Middleware\\InjectDebugbar->handle(Object(Dingo\\Api\\Http\\Request), Object(Closure))
#18 /usr/local/var/www/eoffcn/test-dk/vendor/fideloper/proxy/src/TrustProxies.php(56): Illuminate\\Pipeline\\Pipeline->Illuminate\\Pipeline\\{closure}(Object(Dingo\\Api\\Http\\Request))
#19 /usr/local/var/www/eoffcn/test-dk/vendor/laravel/framework/src/Illuminate/Pipeline/Pipeline.php(149): Fideloper\\Proxy\\TrustProxies->handle(Object(Dingo\\Api\\Http\\Request), Object(Closure))
#20 /usr/local/var/www/eoffcn/test-dk/vendor/laravel/framework/src/Illuminate/Foundation/Http/Middleware/TransformsRequest.php(30): Illuminate\\Pipeline\\Pipeline->Illuminate\\Pipeline\\{closure}(Object(Dingo\\Api\\Http\\Request))
#21 /usr/local/var/www/eoffcn/test-dk/vendor/laravel/framework/src/Illuminate/Pipeline/Pipeline.php(149): Illuminate\\Foundation\\Http\\Middleware\\TransformsRequest->handle(Object(Dingo\\Api\\Http\\Request), Object(Closure))
#22 /usr/local/var/www/eoffcn/test-dk/vendor/laravel/framework/src/Illuminate/Foundation/Http/Middleware/TransformsRequest.php(30): Illuminate\\Pipeline\\Pipeline->Illuminate\\Pipeline\\{closure}(Object(Dingo\\Api\\Http\\Request))
#23 /usr/local/var/www/eoffcn/test-dk/vendor/laravel/framework/src/Illuminate/Pipeline/Pipeline.php(149): Illuminate\\Foundation\\Http\\Middleware\\TransformsRequest->handle(Object(Dingo\\Api\\Http\\Request), Object(Closure))
#24 /usr/local/var/www/eoffcn/test-dk/vendor/laravel/framework/src/Illuminate/Foundation/Http/Middleware/ValidatePostSize.php(27): Illuminate\\Pipeline\\Pipeline->Illuminate\\Pipeline\\{closure}(Object(Dingo\\Api\\Http\\Request))
#25 /usr/local/var/www/eoffcn/test-dk/vendor/laravel/framework/src/Illuminate/Pipeline/Pipeline.php(149): Illuminate\\Foundation\\Http\\Middleware\\ValidatePostSize->handle(Object(Dingo\\Api\\Http\\Request), Object(Closure))
#26 /usr/local/var/www/eoffcn/test-dk/vendor/laravel/framework/src/Illuminate/Foundation/Http/Middleware/CheckForMaintenanceMode.php(46): Illuminate\\Pipeline\\Pipeline->Illuminate\\Pipeline\\{closure}(Object(Dingo\\Api\\Http\\Request))
#27 /usr/local/var/www/eoffcn/test-dk/vendor/laravel/framework/src/Illuminate/Pipeline/Pipeline.php(149): Illuminate\\Foundation\\Http\\Middleware\\CheckForMaintenanceMode->handle(Object(Dingo\\Api\\Http\\Request), Object(Closure))
#28 /usr/local/var/www/eoffcn/test-dk/vendor/laravel/framework/src/Illuminate/Pipeline/Pipeline.php(102): Illuminate\\Pipeline\\Pipeline->Illuminate\\Pipeline\\{closure}(Object(Dingo\\Api\\Http\\Request))
#29 /usr/local/var/www/eoffcn/test-dk/vendor/dingo/api/src/Http/Middleware/Request.php(127): Illuminate\\Pipeline\\Pipeline->then(Object(Closure))
#30 /usr/local/var/www/eoffcn/test-dk/vendor/dingo/api/src/Http/Middleware/Request.php(103): Dingo\\Api\\Http\\Middleware\\Request->sendRequestThroughRouter(Object(Dingo\\Api\\Http\\Request))
#31 /usr/local/var/www/eoffcn/test-dk/vendor/laravel/framework/src/Illuminate/Pipeline/Pipeline.php(149): Dingo\\Api\\Http\\Middleware\\Request->handle(Object(Dingo\\Api\\Http\\Request), Object(Closure))
#32 /usr/local/var/www/eoffcn/test-dk/vendor/laravel/framework/src/Illuminate/Routing/Pipeline.php(53): Illuminate\\Pipeline\\Pipeline->Illuminate\\Pipeline\\{closure}(Object(Illuminate\\Http\\Request))
#33 /usr/local/var/www/eoffcn/test-dk/vendor/laravel/framework/src/Illuminate/Pipeline/Pipeline.php(102): Illuminate\\Routing\\Pipeline->Illuminate\\Routing\\{closure}(Object(Illuminate\\Http\\Request))
#34 /usr/local/var/www/eoffcn/test-dk/vendor/laravel/framework/src/Illuminate/Foundation/Http/Kernel.php(151): Illuminate\\Pipeline\\Pipeline->then(Object(Closure))
#35 /usr/local/var/www/eoffcn/test-dk/vendor/laravel/framework/src/Illuminate/Foundation/Http/Kernel.php(116): Illuminate\\Foundation\\Http\\Kernel->sendRequestThroughRouter(Object(Illuminate\\Http\\Request))
#36 /usr/local/var/www/eoffcn/test-dk/public/index.php(55): Illuminate\\Foundation\\Http\\Kernel->handle(Object(Illuminate\\Http\\Request))
#37 {main}
"} 
[2018-07-19 04:16:25] local.ERROR: Class serializer does not exist {"exception":"[object] (ReflectionException(code: -1): Class serializer does not exist at /usr/local/var/www/eoffcn/test-dk/vendor/laravel/framework/src/Illuminate/Container/Container.php:752)
[stacktrace]
#0 /usr/local/var/www/eoffcn/test-dk/vendor/laravel/framework/src/Illuminate/Container/Container.php(752): ReflectionClass->__construct('serializer')
#1 /usr/local/var/www/eoffcn/test-dk/vendor/laravel/framework/src/Illuminate/Container/Container.php(631): Illuminate\\Container\\Container->build('serializer')
#2 /usr/local/var/www/eoffcn/test-dk/vendor/laravel/framework/src/Illuminate/Container/Container.php(586): Illuminate\\Container\\Container->resolve('serializer', Array)
#3 /usr/local/var/www/eoffcn/test-dk/vendor/laravel/framework/src/Illuminate/Foundation/Application.php(732): Illuminate\\Container\\Container->make('serializer', Array)
#4 /usr/local/var/www/eoffcn/test-dk/vendor/laravel/framework/src/Illuminate/Pipeline/Pipeline.php(138): Illuminate\\Foundation\\Application->make('serializer')
#5 /usr/local/var/www/eoffcn/test-dk/vendor/laravel/framework/src/Illuminate/Routing/Pipeline.php(53): Illuminate\\Pipeline\\Pipeline->Illuminate\\Pipeline\\{closure}(Object(Dingo\\Api\\Http\\Request))
#6 /usr/local/var/www/eoffcn/test-dk/vendor/dingo/api/src/Http/Middleware/PrepareController.php(45): Illuminate\\Routing\\Pipeline->Illuminate\\Routing\\{closure}(Object(Dingo\\Api\\Http\\Request))
#7 /usr/local/var/www/eoffcn/test-dk/vendor/laravel/framework/src/Illuminate/Pipeline/Pipeline.php(149): Dingo\\Api\\Http\\Middleware\\PrepareController->handle(Object(Dingo\\Api\\Http\\Request), Object(Closure))
#8 /usr/local/var/www/eoffcn/test-dk/vendor/laravel/framework/src/Illuminate/Routing/Pipeline.php(53): Illuminate\\Pipeline\\Pipeline->Illuminate\\Pipeline\\{closure}(Object(Dingo\\Api\\Http\\Request))
#9 /usr/local/var/www/eoffcn/test-dk/vendor/laravel/framework/src/Illuminate/Pipeline/Pipeline.php(102): Illuminate\\Routing\\Pipeline->Illuminate\\Routing\\{closure}(Object(Dingo\\Api\\Http\\Request))
#10 /usr/local/var/www/eoffcn/test-dk/vendor/laravel/framework/src/Illuminate/Routing/Router.php(660): Illuminate\\Pipeline\\Pipeline->then(Object(Closure))
#11 /usr/local/var/www/eoffcn/test-dk/vendor/laravel/framework/src/Illuminate/Routing/Router.php(635): Illuminate\\Routing\\Router->runRouteWithinStack(Object(Illuminate\\Routing\\Route), Object(Dingo\\Api\\Http\\Request))
#12 /usr/local/var/www/eoffcn/test-dk/vendor/laravel/framework/src/Illuminate/Routing/Router.php(601): Illuminate\\Routing\\Router->runRoute(Object(Dingo\\Api\\Http\\Request), Object(Illuminate\\Routing\\Route))
#13 /usr/local/var/www/eoffcn/test-dk/vendor/laravel/framework/src/Illuminate/Routing/Router.php(590): Illuminate\\Routing\\Router->dispatchToRoute(Object(Dingo\\Api\\Http\\Request))
#14 /usr/local/var/www/eoffcn/test-dk/vendor/dingo/api/src/Routing/Adapter/Laravel.php(81): Illuminate\\Routing\\Router->dispatch(Object(Dingo\\Api\\Http\\Request))
#15 /usr/local/var/www/eoffcn/test-dk/vendor/dingo/api/src/Routing/Router.php(512): Dingo\\Api\\Routing\\Adapter\\Laravel->dispatch(Object(Dingo\\Api\\Http\\Request), 'v1')
#16 /usr/local/var/www/eoffcn/test-dk/vendor/dingo/api/src/Http/Middleware/Request.php(126): Dingo\\Api\\Routing\\Router->dispatch(Object(Dingo\\Api\\Http\\Request))
#17 /usr/local/var/www/eoffcn/test-dk/vendor/laravel/framework/src/Illuminate/Pipeline/Pipeline.php(114): Dingo\\Api\\Http\\Middleware\\Request->Dingo\\Api\\Http\\Middleware\\{closure}(Object(Dingo\\Api\\Http\\Request))
#18 /usr/local/var/www/eoffcn/test-dk/vendor/barryvdh/laravel-debugbar/src/Middleware/InjectDebugbar.php(65): Illuminate\\Pipeline\\Pipeline->Illuminate\\Pipeline\\{closure}(Object(Dingo\\Api\\Http\\Request))
#19 /usr/local/var/www/eoffcn/test-dk/vendor/laravel/framework/src/Illuminate/Pipeline/Pipeline.php(149): Barryvdh\\Debugbar\\Middleware\\InjectDebugbar->handle(Object(Dingo\\Api\\Http\\Request), Object(Closure))
#20 /usr/local/var/www/eoffcn/test-dk/vendor/fideloper/proxy/src/TrustProxies.php(56): Illuminate\\Pipeline\\Pipeline->Illuminate\\Pipeline\\{closure}(Object(Dingo\\Api\\Http\\Request))
#21 /usr/local/var/www/eoffcn/test-dk/vendor/laravel/framework/src/Illuminate/Pipeline/Pipeline.php(149): Fideloper\\Proxy\\TrustProxies->handle(Object(Dingo\\Api\\Http\\Request), Object(Closure))
#22 /usr/local/var/www/eoffcn/test-dk/vendor/laravel/framework/src/Illuminate/Foundation/Http/Middleware/TransformsRequest.php(30): Illuminate\\Pipeline\\Pipeline->Illuminate\\Pipeline\\{closure}(Object(Dingo\\Api\\Http\\Request))
#23 /usr/local/var/www/eoffcn/test-dk/vendor/laravel/framework/src/Illuminate/Pipeline/Pipeline.php(149): Illuminate\\Foundation\\Http\\Middleware\\TransformsRequest->handle(Object(Dingo\\Api\\Http\\Request), Object(Closure))
#24 /usr/local/var/www/eoffcn/test-dk/vendor/laravel/framework/src/Illuminate/Foundation/Http/Middleware/TransformsRequest.php(30): Illuminate\\Pipeline\\Pipeline->Illuminate\\Pipeline\\{closure}(Object(Dingo\\Api\\Http\\Request))
#25 /usr/local/var/www/eoffcn/test-dk/vendor/laravel/framework/src/Illuminate/Pipeline/Pipeline.php(149): Illuminate\\Foundation\\Http\\Middleware\\TransformsRequest->handle(Object(Dingo\\Api\\Http\\Request), Object(Closure))
#26 /usr/local/var/www/eoffcn/test-dk/vendor/laravel/framework/src/Illuminate/Foundation/Http/Middleware/ValidatePostSize.php(27): Illuminate\\Pipeline\\Pipeline->Illuminate\\Pipeline\\{closure}(Object(Dingo\\Api\\Http\\Request))
#27 /usr/local/var/www/eoffcn/test-dk/vendor/laravel/framework/src/Illuminate/Pipeline/Pipeline.php(149): Illuminate\\Foundation\\Http\\Middleware\\ValidatePostSize->handle(Object(Dingo\\Api\\Http\\Request), Object(Closure))
#28 /usr/local/var/www/eoffcn/test-dk/vendor/laravel/framework/src/Illuminate/Foundation/Http/Middleware/CheckForMaintenanceMode.php(46): Illuminate\\Pipeline\\Pipeline->Illuminate\\Pipeline\\{closure}(Object(Dingo\\Api\\Http\\Request))
#29 /usr/local/var/www/eoffcn/test-dk/vendor/laravel/framework/src/Illuminate/Pipeline/Pipeline.php(149): Illuminate\\Foundation\\Http\\Middleware\\CheckForMaintenanceMode->handle(Object(Dingo\\Api\\Http\\Request), Object(Closure))
#30 /usr/local/var/www/eoffcn/test-dk/vendor/laravel/framework/src/Illuminate/Pipeline/Pipeline.php(102): Illuminate\\Pipeline\\Pipeline->Illuminate\\Pipeline\\{closure}(Object(Dingo\\Api\\Http\\Request))
#31 /usr/local/var/www/eoffcn/test-dk/vendor/dingo/api/src/Http/Middleware/Request.php(127): Illuminate\\Pipeline\\Pipeline->then(Object(Closure))
#32 /usr/local/var/www/eoffcn/test-dk/vendor/dingo/api/src/Http/Middleware/Request.php(103): Dingo\\Api\\Http\\Middleware\\Request->sendRequestThroughRouter(Object(Dingo\\Api\\Http\\Request))
#33 /usr/local/var/www/eoffcn/test-dk/vendor/laravel/framework/src/Illuminate/Pipeline/Pipeline.php(149): Dingo\\Api\\Http\\Middleware\\Request->handle(Object(Dingo\\Api\\Http\\Request), Object(Closure))
#34 /usr/local/var/www/eoffcn/test-dk/vendor/laravel/framework/src/Illuminate/Routing/Pipeline.php(53): Illuminate\\Pipeline\\Pipeline->Illuminate\\Pipeline\\{closure}(Object(Illuminate\\Http\\Request))
#35 /usr/local/var/www/eoffcn/test-dk/vendor/laravel/framework/src/Illuminate/Pipeline/Pipeline.php(102): Illuminate\\Routing\\Pipeline->Illuminate\\Routing\\{closure}(Object(Illuminate\\Http\\Request))
#36 /usr/local/var/www/eoffcn/test-dk/vendor/laravel/framework/src/Illuminate/Foundation/Http/Kernel.php(151): Illuminate\\Pipeline\\Pipeline->then(Object(Closure))
#37 /usr/local/var/www/eoffcn/test-dk/vendor/laravel/framework/src/Illuminate/Foundation/Http/Kernel.php(116): Illuminate\\Foundation\\Http\\Kernel->sendRequestThroughRouter(Object(Illuminate\\Http\\Request))
#38 /usr/local/var/www/eoffcn/test-dk/public/index.php(55): Illuminate\\Foundation\\Http\\Kernel->handle(Object(Illuminate\\Http\\Request))
#39 {main}
"} 
[2018-07-19 04:16:25] local.ERROR: Class serializer does not exist {"exception":"[object] (ReflectionException(code: -1): Class serializer does not exist at /usr/local/var/www/eoffcn/test-dk/vendor/laravel/framework/src/Illuminate/Container/Container.php:752)
[stacktrace]
#0 /usr/local/var/www/eoffcn/test-dk/vendor/laravel/framework/src/Illuminate/Container/Container.php(752): ReflectionClass->__construct('serializer')
#1 /usr/local/var/www/eoffcn/test-dk/vendor/laravel/framework/src/Illuminate/Container/Container.php(631): Illuminate\\Container\\Container->build('serializer')
#2 /usr/local/var/www/eoffcn/test-dk/vendor/laravel/framework/src/Illuminate/Container/Container.php(586): Illuminate\\Container\\Container->resolve('serializer', Array)
#3 /usr/local/var/www/eoffcn/test-dk/vendor/laravel/framework/src/Illuminate/Foundation/Application.php(732): Illuminate\\Container\\Container->make('serializer', Array)
#4 /usr/local/var/www/eoffcn/test-dk/vendor/dingo/api/src/Http/Middleware/Request.php(162): Illuminate\\Foundation\\Application->make('serializer')
#5 /usr/local/var/www/eoffcn/test-dk/vendor/laravel/framework/src/Illuminate/Foundation/Http/Kernel.php(218): Dingo\\Api\\Http\\Middleware\\Request->terminate(Object(Dingo\\Api\\Http\\Request), Object(Dingo\\Api\\Http\\Response))
#6 /usr/local/var/www/eoffcn/test-dk/vendor/laravel/framework/src/Illuminate/Foundation/Http/Kernel.php(189): Illuminate\\Foundation\\Http\\Kernel->terminateMiddleware(Object(Illuminate\\Http\\Request), Object(Dingo\\Api\\Http\\Response))
#7 /usr/local/var/www/eoffcn/test-dk/public/index.php(60): Illuminate\\Foundation\\Http\\Kernel->terminate(Object(Illuminate\\Http\\Request), Object(Dingo\\Api\\Http\\Response))
#8 {main}
"} 
[2018-07-19 04:23:35] local.ERROR: Object of class Dingo\Api\Http\Response\Factory could not be converted to string {"exception":"[object] (ErrorException(code: 0): Object of class Dingo\\Api\\Http\\Response\\Factory could not be converted to string at /usr/local/var/www/eoffcn/test-dk/vendor/symfony/http-foundation/Response.php:391)
[stacktrace]
#0 /usr/local/var/www/eoffcn/test-dk/vendor/symfony/http-foundation/Response.php(391): Illuminate\\Foundation\\Bootstrap\\HandleExceptions->handleError(4096, 'Object of class...', '/usr/local/var/...', 391, Array)
#1 /usr/local/var/www/eoffcn/test-dk/vendor/laravel/framework/src/Illuminate/Http/Response.php(45): Symfony\\Component\\HttpFoundation\\Response->setContent(Object(Dingo\\Api\\Http\\Response\\Factory))
#2 /usr/local/var/www/eoffcn/test-dk/vendor/symfony/http-foundation/Response.php(201): Illuminate\\Http\\Response->setContent(Object(Dingo\\Api\\Http\\Response\\Factory))
#3 /usr/local/var/www/eoffcn/test-dk/vendor/laravel/framework/src/Illuminate/Routing/Router.php(724): Symfony\\Component\\HttpFoundation\\Response->__construct(Object(Dingo\\Api\\Http\\Response\\Factory))
#4 /usr/local/var/www/eoffcn/test-dk/vendor/laravel/framework/src/Illuminate/Routing/Router.php(698): Illuminate\\Routing\\Router::toResponse(Object(Dingo\\Api\\Http\\Request), Object(Dingo\\Api\\Http\\Response\\Factory))
#5 /usr/local/var/www/eoffcn/test-dk/vendor/laravel/framework/src/Illuminate/Routing/Router.php(658): Illuminate\\Routing\\Router->prepareResponse(Object(Dingo\\Api\\Http\\Request), Object(Dingo\\Api\\Http\\Response\\Factory))
#6 /usr/local/var/www/eoffcn/test-dk/vendor/laravel/framework/src/Illuminate/Routing/Pipeline.php(30): Illuminate\\Routing\\Router->Illuminate\\Routing\\{closure}(Object(Dingo\\Api\\Http\\Request))
#7 /usr/local/var/www/eoffcn/test-dk/vendor/dingo/api/src/Http/Middleware/PrepareController.php(45): Illuminate\\Routing\\Pipeline->Illuminate\\Routing\\{closure}(Object(Dingo\\Api\\Http\\Request))
#8 /usr/local/var/www/eoffcn/test-dk/vendor/laravel/framework/src/Illuminate/Pipeline/Pipeline.php(149): Dingo\\Api\\Http\\Middleware\\PrepareController->handle(Object(Dingo\\Api\\Http\\Request), Object(Closure))
#9 /usr/local/var/www/eoffcn/test-dk/vendor/laravel/framework/src/Illuminate/Routing/Pipeline.php(53): Illuminate\\Pipeline\\Pipeline->Illuminate\\Pipeline\\{closure}(Object(Dingo\\Api\\Http\\Request))
#10 /usr/local/var/www/eoffcn/test-dk/vendor/laravel/framework/src/Illuminate/Pipeline/Pipeline.php(102): Illuminate\\Routing\\Pipeline->Illuminate\\Routing\\{closure}(Object(Dingo\\Api\\Http\\Request))
#11 /usr/local/var/www/eoffcn/test-dk/vendor/laravel/framework/src/Illuminate/Routing/Router.php(660): Illuminate\\Pipeline\\Pipeline->then(Object(Closure))
#12 /usr/local/var/www/eoffcn/test-dk/vendor/laravel/framework/src/Illuminate/Routing/Router.php(635): Illuminate\\Routing\\Router->runRouteWithinStack(Object(Illuminate\\Routing\\Route), Object(Dingo\\Api\\Http\\Request))
#13 /usr/local/var/www/eoffcn/test-dk/vendor/laravel/framework/src/Illuminate/Routing/Router.php(601): Illuminate\\Routing\\Router->runRoute(Object(Dingo\\Api\\Http\\Request), Object(Illuminate\\Routing\\Route))
#14 /usr/local/var/www/eoffcn/test-dk/vendor/laravel/framework/src/Illuminate/Routing/Router.php(590): Illuminate\\Routing\\Router->dispatchToRoute(Object(Dingo\\Api\\Http\\Request))
#15 /usr/local/var/www/eoffcn/test-dk/vendor/dingo/api/src/Routing/Adapter/Laravel.php(81): Illuminate\\Routing\\Router->dispatch(Object(Dingo\\Api\\Http\\Request))
#16 /usr/local/var/www/eoffcn/test-dk/vendor/dingo/api/src/Routing/Router.php(512): Dingo\\Api\\Routing\\Adapter\\Laravel->dispatch(Object(Dingo\\Api\\Http\\Request), 'v1')
#17 /usr/local/var/www/eoffcn/test-dk/vendor/dingo/api/src/Http/Middleware/Request.php(126): Dingo\\Api\\Routing\\Router->dispatch(Object(Dingo\\Api\\Http\\Request))
#18 /usr/local/var/www/eoffcn/test-dk/vendor/laravel/framework/src/Illuminate/Pipeline/Pipeline.php(114): Dingo\\Api\\Http\\Middleware\\Request->Dingo\\Api\\Http\\Middleware\\{closure}(Object(Dingo\\Api\\Http\\Request))
#19 /usr/local/var/www/eoffcn/test-dk/vendor/barryvdh/laravel-debugbar/src/Middleware/InjectDebugbar.php(65): Illuminate\\Pipeline\\Pipeline->Illuminate\\Pipeline\\{closure}(Object(Dingo\\Api\\Http\\Request))
#20 /usr/local/var/www/eoffcn/test-dk/vendor/laravel/framework/src/Illuminate/Pipeline/Pipeline.php(149): Barryvdh\\Debugbar\\Middleware\\InjectDebugbar->handle(Object(Dingo\\Api\\Http\\Request), Object(Closure))
#21 /usr/local/var/www/eoffcn/test-dk/vendor/fideloper/proxy/src/TrustProxies.php(56): Illuminate\\Pipeline\\Pipeline->Illuminate\\Pipeline\\{closure}(Object(Dingo\\Api\\Http\\Request))
#22 /usr/local/var/www/eoffcn/test-dk/vendor/laravel/framework/src/Illuminate/Pipeline/Pipeline.php(149): Fideloper\\Proxy\\TrustProxies->handle(Object(Dingo\\Api\\Http\\Request), Object(Closure))
#23 /usr/local/var/www/eoffcn/test-dk/vendor/laravel/framework/src/Illuminate/Foundation/Http/Middleware/TransformsRequest.php(30): Illuminate\\Pipeline\\Pipeline->Illuminate\\Pipeline\\{closure}(Object(Dingo\\Api\\Http\\Request))
#24 /usr/local/var/www/eoffcn/test-dk/vendor/laravel/framework/src/Illuminate/Pipeline/Pipeline.php(149): Illuminate\\Foundation\\Http\\Middleware\\TransformsRequest->handle(Object(Dingo\\Api\\Http\\Request), Object(Closure))
#25 /usr/local/var/www/eoffcn/test-dk/vendor/laravel/framework/src/Illuminate/Foundation/Http/Middleware/TransformsRequest.php(30): Illuminate\\Pipeline\\Pipeline->Illuminate\\Pipeline\\{closure}(Object(Dingo\\Api\\Http\\Request))
#26 /usr/local/var/www/eoffcn/test-dk/vendor/laravel/framework/src/Illuminate/Pipeline/Pipeline.php(149): Illuminate\\Foundation\\Http\\Middleware\\TransformsRequest->handle(Object(Dingo\\Api\\Http\\Request), Object(Closure))
#27 /usr/local/var/www/eoffcn/test-dk/vendor/laravel/framework/src/Illuminate/Foundation/Http/Middleware/ValidatePostSize.php(27): Illuminate\\Pipeline\\Pipeline->Illuminate\\Pipeline\\{closure}(Object(Dingo\\Api\\Http\\Request))
#28 /usr/local/var/www/eoffcn/test-dk/vendor/laravel/framework/src/Illuminate/Pipeline/Pipeline.php(149): Illuminate\\Foundation\\Http\\Middleware\\ValidatePostSize->handle(Object(Dingo\\Api\\Http\\Request), Object(Closure))
#29 /usr/local/var/www/eoffcn/test-dk/vendor/laravel/framework/src/Illuminate/Foundation/Http/Middleware/CheckForMaintenanceMode.php(46): Illuminate\\Pipeline\\Pipeline->Illuminate\\Pipeline\\{closure}(Object(Dingo\\Api\\Http\\Request))
#30 /usr/local/var/www/eoffcn/test-dk/vendor/laravel/framework/src/Illuminate/Pipeline/Pipeline.php(149): Illuminate\\Foundation\\Http\\Middleware\\CheckForMaintenanceMode->handle(Object(Dingo\\Api\\Http\\Request), Object(Closure))
#31 /usr/local/var/www/eoffcn/test-dk/vendor/laravel/framework/src/Illuminate/Pipeline/Pipeline.php(102): Illuminate\\Pipeline\\Pipeline->Illuminate\\Pipeline\\{closure}(Object(Dingo\\Api\\Http\\Request))
#32 /usr/local/var/www/eoffcn/test-dk/vendor/dingo/api/src/Http/Middleware/Request.php(127): Illuminate\\Pipeline\\Pipeline->then(Object(Closure))
#33 /usr/local/var/www/eoffcn/test-dk/vendor/dingo/api/src/Http/Middleware/Request.php(103): Dingo\\Api\\Http\\Middleware\\Request->sendRequestThroughRouter(Object(Dingo\\Api\\Http\\Request))
#34 /usr/local/var/www/eoffcn/test-dk/vendor/laravel/framework/src/Illuminate/Pipeline/Pipeline.php(149): Dingo\\Api\\Http\\Middleware\\Request->handle(Object(Dingo\\Api\\Http\\Request), Object(Closure))
#35 /usr/local/var/www/eoffcn/test-dk/vendor/laravel/framework/src/Illuminate/Routing/Pipeline.php(53): Illuminate\\Pipeline\\Pipeline->Illuminate\\Pipeline\\{closure}(Object(Illuminate\\Http\\Request))
#36 /usr/local/var/www/eoffcn/test-dk/vendor/laravel/framework/src/Illuminate/Pipeline/Pipeline.php(102): Illuminate\\Routing\\Pipeline->Illuminate\\Routing\\{closure}(Object(Illuminate\\Http\\Request))
#37 /usr/local/var/www/eoffcn/test-dk/vendor/laravel/framework/src/Illuminate/Foundation/Http/Kernel.php(151): Illuminate\\Pipeline\\Pipeline->then(Object(Closure))
#38 /usr/local/var/www/eoffcn/test-dk/vendor/laravel/framework/src/Illuminate/Foundation/Http/Kernel.php(116): Illuminate\\Foundation\\Http\\Kernel->sendRequestThroughRouter(Object(Illuminate\\Http\\Request))
#39 /usr/local/var/www/eoffcn/test-dk/public/index.php(55): Illuminate\\Foundation\\Http\\Kernel->handle(Object(Illuminate\\Http\\Request))
#40 {main}
"} 
[2018-07-19 04:27:49] local.ERROR: Undefined method Dingo\Api\Http\Response\Factory::success {"exception":"[object] (ErrorException(code: 0): Undefined method Dingo\\Api\\Http\\Response\\Factory::success at /usr/local/var/www/eoffcn/test-dk/vendor/dingo/api/src/Http/Response/Factory.php:282)
[stacktrace]
#0 /usr/local/var/www/eoffcn/test-dk/app/Http/Controllers/Api/UserController.php(25): Dingo\\Api\\Http\\Response\\Factory->__call('success', Array)
#1 [internal function]: App\\Http\\Controllers\\Api\\UserController->index()
#2 /usr/local/var/www/eoffcn/test-dk/vendor/laravel/framework/src/Illuminate/Routing/Controller.php(54): call_user_func_array(Array, Array)
#3 /usr/local/var/www/eoffcn/test-dk/vendor/laravel/framework/src/Illuminate/Routing/ControllerDispatcher.php(45): Illuminate\\Routing\\Controller->callAction('index', Array)
#4 /usr/local/var/www/eoffcn/test-dk/vendor/laravel/framework/src/Illuminate/Routing/Route.php(212): Illuminate\\Routing\\ControllerDispatcher->dispatch(Object(Illuminate\\Routing\\Route), Object(App\\Http\\Controllers\\Api\\UserController), 'index')
#5 /usr/local/var/www/eoffcn/test-dk/vendor/laravel/framework/src/Illuminate/Routing/Route.php(169): Illuminate\\Routing\\Route->runController()
#6 /usr/local/var/www/eoffcn/test-dk/vendor/laravel/framework/src/Illuminate/Routing/Router.php(658): Illuminate\\Routing\\Route->run()
#7 /usr/local/var/www/eoffcn/test-dk/vendor/laravel/framework/src/Illuminate/Routing/Pipeline.php(30): Illuminate\\Routing\\Router->Illuminate\\Routing\\{closure}(Object(Dingo\\Api\\Http\\Request))
#8 /usr/local/var/www/eoffcn/test-dk/vendor/dingo/api/src/Http/Middleware/PrepareController.php(45): Illuminate\\Routing\\Pipeline->Illuminate\\Routing\\{closure}(Object(Dingo\\Api\\Http\\Request))
#9 /usr/local/var/www/eoffcn/test-dk/vendor/laravel/framework/src/Illuminate/Pipeline/Pipeline.php(149): Dingo\\Api\\Http\\Middleware\\PrepareController->handle(Object(Dingo\\Api\\Http\\Request), Object(Closure))
#10 /usr/local/var/www/eoffcn/test-dk/vendor/laravel/framework/src/Illuminate/Routing/Pipeline.php(53): Illuminate\\Pipeline\\Pipeline->Illuminate\\Pipeline\\{closure}(Object(Dingo\\Api\\Http\\Request))
#11 /usr/local/var/www/eoffcn/test-dk/vendor/laravel/framework/src/Illuminate/Pipeline/Pipeline.php(102): Illuminate\\Routing\\Pipeline->Illuminate\\Routing\\{closure}(Object(Dingo\\Api\\Http\\Request))
#12 /usr/local/var/www/eoffcn/test-dk/vendor/laravel/framework/src/Illuminate/Routing/Router.php(660): Illuminate\\Pipeline\\Pipeline->then(Object(Closure))
#13 /usr/local/var/www/eoffcn/test-dk/vendor/laravel/framework/src/Illuminate/Routing/Router.php(635): Illuminate\\Routing\\Router->runRouteWithinStack(Object(Illuminate\\Routing\\Route), Object(Dingo\\Api\\Http\\Request))
#14 /usr/local/var/www/eoffcn/test-dk/vendor/laravel/framework/src/Illuminate/Routing/Router.php(601): Illuminate\\Routing\\Router->runRoute(Object(Dingo\\Api\\Http\\Request), Object(Illuminate\\Routing\\Route))
#15 /usr/local/var/www/eoffcn/test-dk/vendor/laravel/framework/src/Illuminate/Routing/Router.php(590): Illuminate\\Routing\\Router->dispatchToRoute(Object(Dingo\\Api\\Http\\Request))
#16 /usr/local/var/www/eoffcn/test-dk/vendor/dingo/api/src/Routing/Adapter/Laravel.php(81): Illuminate\\Routing\\Router->dispatch(Object(Dingo\\Api\\Http\\Request))
#17 /usr/local/var/www/eoffcn/test-dk/vendor/dingo/api/src/Routing/Router.php(512): Dingo\\Api\\Routing\\Adapter\\Laravel->dispatch(Object(Dingo\\Api\\Http\\Request), 'v1')
#18 /usr/local/var/www/eoffcn/test-dk/vendor/dingo/api/src/Http/Middleware/Request.php(126): Dingo\\Api\\Routing\\Router->dispatch(Object(Dingo\\Api\\Http\\Request))
#19 /usr/local/var/www/eoffcn/test-dk/vendor/laravel/framework/src/Illuminate/Pipeline/Pipeline.php(114): Dingo\\Api\\Http\\Middleware\\Request->Dingo\\Api\\Http\\Middleware\\{closure}(Object(Dingo\\Api\\Http\\Request))
#20 /usr/local/var/www/eoffcn/test-dk/vendor/barryvdh/laravel-debugbar/src/Middleware/InjectDebugbar.php(65): Illuminate\\Pipeline\\Pipeline->Illuminate\\Pipeline\\{closure}(Object(Dingo\\Api\\Http\\Request))
#21 /usr/local/var/www/eoffcn/test-dk/vendor/laravel/framework/src/Illuminate/Pipeline/Pipeline.php(149): Barryvdh\\Debugbar\\Middleware\\InjectDebugbar->handle(Object(Dingo\\Api\\Http\\Request), Object(Closure))
#22 /usr/local/var/www/eoffcn/test-dk/vendor/fideloper/proxy/src/TrustProxies.php(56): Illuminate\\Pipeline\\Pipeline->Illuminate\\Pipeline\\{closure}(Object(Dingo\\Api\\Http\\Request))
#23 /usr/local/var/www/eoffcn/test-dk/vendor/laravel/framework/src/Illuminate/Pipeline/Pipeline.php(149): Fideloper\\Proxy\\TrustProxies->handle(Object(Dingo\\Api\\Http\\Request), Object(Closure))
#24 /usr/local/var/www/eoffcn/test-dk/vendor/laravel/framework/src/Illuminate/Foundation/Http/Middleware/TransformsRequest.php(30): Illuminate\\Pipeline\\Pipeline->Illuminate\\Pipeline\\{closure}(Object(Dingo\\Api\\Http\\Request))
#25 /usr/local/var/www/eoffcn/test-dk/vendor/laravel/framework/src/Illuminate/Pipeline/Pipeline.php(149): Illuminate\\Foundation\\Http\\Middleware\\TransformsRequest->handle(Object(Dingo\\Api\\Http\\Request), Object(Closure))
#26 /usr/local/var/www/eoffcn/test-dk/vendor/laravel/framework/src/Illuminate/Foundation/Http/Middleware/TransformsRequest.php(30): Illuminate\\Pipeline\\Pipeline->Illuminate\\Pipeline\\{closure}(Object(Dingo\\Api\\Http\\Request))
#27 /usr/local/var/www/eoffcn/test-dk/vendor/laravel/framework/src/Illuminate/Pipeline/Pipeline.php(149): Illuminate\\Foundation\\Http\\Middleware\\TransformsRequest->handle(Object(Dingo\\Api\\Http\\Request), Object(Closure))
#28 /usr/local/var/www/eoffcn/test-dk/vendor/laravel/framework/src/Illuminate/Foundation/Http/Middleware/ValidatePostSize.php(27): Illuminate\\Pipeline\\Pipeline->Illuminate\\Pipeline\\{closure}(Object(Dingo\\Api\\Http\\Request))
#29 /usr/local/var/www/eoffcn/test-dk/vendor/laravel/framework/src/Illuminate/Pipeline/Pipeline.php(149): Illuminate\\Foundation\\Http\\Middleware\\ValidatePostSize->handle(Object(Dingo\\Api\\Http\\Request), Object(Closure))
#30 /usr/local/var/www/eoffcn/test-dk/vendor/laravel/framework/src/Illuminate/Foundation/Http/Middleware/CheckForMaintenanceMode.php(46): Illuminate\\Pipeline\\Pipeline->Illuminate\\Pipeline\\{closure}(Object(Dingo\\Api\\Http\\Request))
#31 /usr/local/var/www/eoffcn/test-dk/vendor/laravel/framework/src/Illuminate/Pipeline/Pipeline.php(149): Illuminate\\Foundation\\Http\\Middleware\\CheckForMaintenanceMode->handle(Object(Dingo\\Api\\Http\\Request), Object(Closure))
#32 /usr/local/var/www/eoffcn/test-dk/vendor/laravel/framework/src/Illuminate/Pipeline/Pipeline.php(102): Illuminate\\Pipeline\\Pipeline->Illuminate\\Pipeline\\{closure}(Object(Dingo\\Api\\Http\\Request))
#33 /usr/local/var/www/eoffcn/test-dk/vendor/dingo/api/src/Http/Middleware/Request.php(127): Illuminate\\Pipeline\\Pipeline->then(Object(Closure))
#34 /usr/local/var/www/eoffcn/test-dk/vendor/dingo/api/src/Http/Middleware/Request.php(103): Dingo\\Api\\Http\\Middleware\\Request->sendRequestThroughRouter(Object(Dingo\\Api\\Http\\Request))
#35 /usr/local/var/www/eoffcn/test-dk/vendor/laravel/framework/src/Illuminate/Pipeline/Pipeline.php(149): Dingo\\Api\\Http\\Middleware\\Request->handle(Object(Dingo\\Api\\Http\\Request), Object(Closure))
#36 /usr/local/var/www/eoffcn/test-dk/vendor/laravel/framework/src/Illuminate/Routing/Pipeline.php(53): Illuminate\\Pipeline\\Pipeline->Illuminate\\Pipeline\\{closure}(Object(Illuminate\\Http\\Request))
#37 /usr/local/var/www/eoffcn/test-dk/vendor/laravel/framework/src/Illuminate/Pipeline/Pipeline.php(102): Illuminate\\Routing\\Pipeline->Illuminate\\Routing\\{closure}(Object(Illuminate\\Http\\Request))
#38 /usr/local/var/www/eoffcn/test-dk/vendor/laravel/framework/src/Illuminate/Foundation/Http/Kernel.php(151): Illuminate\\Pipeline\\Pipeline->then(Object(Closure))
#39 /usr/local/var/www/eoffcn/test-dk/vendor/laravel/framework/src/Illuminate/Foundation/Http/Kernel.php(116): Illuminate\\Foundation\\Http\\Kernel->sendRequestThroughRouter(Object(Illuminate\\Http\\Request))
#40 /usr/local/var/www/eoffcn/test-dk/public/index.php(55): Illuminate\\Foundation\\Http\\Kernel->handle(Object(Illuminate\\Http\\Request))
#41 {main}
"} 
