[2018-07-17 10:10:42] local.ERROR: Please provide a valid cache path. {"exception":"[object] (InvalidArgumentException(code: 0): Please provide a valid cache path. at /usr/local/var/www/eoffcn/test-dk/vendor/laravel/framework/src/Illuminate/View/Compilers/Compiler.php:36)
[stacktrace]
#0 /usr/local/var/www/eoffcn/test-dk/vendor/laravel/framework/src/Illuminate/View/ViewServiceProvider.php(141): Illuminate\\View\\Compilers\\Compiler->__construct(Object(Illuminate\\Filesystem\\Filesystem), false)
#1 /usr/local/var/www/eoffcn/test-dk/vendor/laravel/framework/src/Illuminate/Container/Container.php(749): Illuminate\\View\\ViewServiceProvider->Illuminate\\View\\{closure}(Object(Illuminate\\Foundation\\Application), Array)
#2 /usr/local/var/www/eoffcn/test-dk/vendor/laravel/framework/src/Illuminate/Container/Container.php(631): Illuminate\\Container\\Container->build(Object(Closure))
#3 /usr/local/var/www/eoffcn/test-dk/vendor/laravel/framework/src/Illuminate/Container/Container.php(586): Illuminate\\Container\\Container->resolve('blade.compiler', Array)
#4 /usr/local/var/www/eoffcn/test-dk/vendor/laravel/framework/src/Illuminate/Foundation/Application.php(732): Illuminate\\Container\\Container->make('blade.compiler', Array)
#5 /usr/local/var/www/eoffcn/test-dk/vendor/laravel/framework/src/Illuminate/Container/Container.php(1195): Illuminate\\Foundation\\Application->make('blade.compiler')
#6 /usr/local/var/www/eoffcn/test-dk/vendor/laravel/framework/src/Illuminate/View/ViewServiceProvider.php(146): Illuminate\\Container\\Container->offsetGet('blade.compiler')
#7 [internal function]: Illuminate\\View\\ViewServiceProvider->Illuminate\\View\\{closure}()
#8 /usr/local/var/www/eoffcn/test-dk/vendor/laravel/framework/src/Illuminate/View/Engines/EngineResolver.php(54): call_user_func(Object(Closure))
#9 /usr/local/var/www/eoffcn/test-dk/vendor/laravel/framework/src/Illuminate/View/Factory.php(284): Illuminate\\View\\Engines\\EngineResolver->resolve('blade')
#10 /usr/local/var/www/eoffcn/test-dk/vendor/laravel/framework/src/Illuminate/View/Factory.php(248): Illuminate\\View\\Factory->getEngineFromPath('/usr/local/var/...')
#11 /usr/local/var/www/eoffcn/test-dk/vendor/laravel/framework/src/Illuminate/View/Factory.php(136): Illuminate\\View\\Factory->viewInstance('errors::404', '/usr/local/var/...', Array)
#12 /usr/local/var/www/eoffcn/test-dk/vendor/laravel/framework/src/Illuminate/Routing/ResponseFactory.php(69): Illuminate\\View\\Factory->make('errors::404', Array)
#13 /usr/local/var/www/eoffcn/test-dk/vendor/laravel/framework/src/Illuminate/Foundation/Exceptions/Handler.php(403): Illuminate\\Routing\\ResponseFactory->view('errors::404', Array, 404, Array)
#14 /usr/local/var/www/eoffcn/test-dk/vendor/laravel/framework/src/Illuminate/Foundation/Exceptions/Handler.php(295): Illuminate\\Foundation\\Exceptions\\Handler->renderHttpException(Object(Symfony\\Component\\HttpKernel\\Exception\\NotFoundHttpException))
#15 /usr/local/var/www/eoffcn/test-dk/vendor/laravel/framework/src/Illuminate/Foundation/Exceptions/Handler.php(187): Illuminate\\Foundation\\Exceptions\\Handler->prepareResponse(Object(Illuminate\\Http\\Request), Object(Symfony\\Component\\HttpKernel\\Exception\\NotFoundHttpException))
#16 /usr/local/var/www/eoffcn/test-dk/app/Exceptions/Handler.php(47): Illuminate\\Foundation\\Exceptions\\Handler->render(Object(Illuminate\\Http\\Request), Object(Symfony\\Component\\HttpKernel\\Exception\\NotFoundHttpException))
#17 /usr/local/var/www/eoffcn/test-dk/vendor/laravel/framework/src/Illuminate/Routing/Pipeline.php(83): App\\Exceptions\\Handler->render(Object(Illuminate\\Http\\Request), Object(Symfony\\Component\\HttpKernel\\Exception\\NotFoundHttpException))
#18 /usr/local/var/www/eoffcn/test-dk/vendor/laravel/framework/src/Illuminate/Routing/Pipeline.php(32): Illuminate\\Routing\\Pipeline->handleException(Object(Illuminate\\Http\\Request), Object(Symfony\\Component\\HttpKernel\\Exception\\NotFoundHttpException))
#19 /usr/local/var/www/eoffcn/test-dk/vendor/barryvdh/laravel-debugbar/src/Middleware/InjectDebugbar.php(65): Illuminate\\Routing\\Pipeline->Illuminate\\Routing\\{closure}(Object(Illuminate\\Http\\Request))
#20 /usr/local/var/www/eoffcn/test-dk/vendor/laravel/framework/src/Illuminate/Pipeline/Pipeline.php(149): Barryvdh\\Debugbar\\Middleware\\InjectDebugbar->handle(Object(Illuminate\\Http\\Request), Object(Closure))
#21 /usr/local/var/www/eoffcn/test-dk/vendor/laravel/framework/src/Illuminate/Routing/Pipeline.php(53): Illuminate\\Pipeline\\Pipeline->Illuminate\\Pipeline\\{closure}(Object(Illuminate\\Http\\Request))
#22 /usr/local/var/www/eoffcn/test-dk/vendor/fideloper/proxy/src/TrustProxies.php(56): Illuminate\\Routing\\Pipeline->Illuminate\\Routing\\{closure}(Object(Illuminate\\Http\\Request))
#23 /usr/local/var/www/eoffcn/test-dk/vendor/laravel/framework/src/Illuminate/Pipeline/Pipeline.php(149): Fideloper\\Proxy\\TrustProxies->handle(Object(Illuminate\\Http\\Request), Object(Closure))
#24 /usr/local/var/www/eoffcn/test-dk/vendor/laravel/framework/src/Illuminate/Routing/Pipeline.php(53): Illuminate\\Pipeline\\Pipeline->Illuminate\\Pipeline\\{closure}(Object(Illuminate\\Http\\Request))
#25 /usr/local/var/www/eoffcn/test-dk/vendor/laravel/framework/src/Illuminate/Foundation/Http/Middleware/TransformsRequest.php(30): Illuminate\\Routing\\Pipeline->Illuminate\\Routing\\{closure}(Object(Illuminate\\Http\\Request))
#26 /usr/local/var/www/eoffcn/test-dk/vendor/laravel/framework/src/Illuminate/Pipeline/Pipeline.php(149): Illuminate\\Foundation\\Http\\Middleware\\TransformsRequest->handle(Object(Illuminate\\Http\\Request), Object(Closure))
#27 /usr/local/var/www/eoffcn/test-dk/vendor/laravel/framework/src/Illuminate/Routing/Pipeline.php(53): Illuminate\\Pipeline\\Pipeline->Illuminate\\Pipeline\\{closure}(Object(Illuminate\\Http\\Request))
#28 /usr/local/var/www/eoffcn/test-dk/vendor/laravel/framework/src/Illuminate/Foundation/Http/Middleware/TransformsRequest.php(30): Illuminate\\Routing\\Pipeline->Illuminate\\Routing\\{closure}(Object(Illuminate\\Http\\Request))
#29 /usr/local/var/www/eoffcn/test-dk/vendor/laravel/framework/src/Illuminate/Pipeline/Pipeline.php(149): Illuminate\\Foundation\\Http\\Middleware\\TransformsRequest->handle(Object(Illuminate\\Http\\Request), Object(Closure))
#30 /usr/local/var/www/eoffcn/test-dk/vendor/laravel/framework/src/Illuminate/Routing/Pipeline.php(53): Illuminate\\Pipeline\\Pipeline->Illuminate\\Pipeline\\{closure}(Object(Illuminate\\Http\\Request))
#31 /usr/local/var/www/eoffcn/test-dk/vendor/laravel/framework/src/Illuminate/Foundation/Http/Middleware/ValidatePostSize.php(27): Illuminate\\Routing\\Pipeline->Illuminate\\Routing\\{closure}(Object(Illuminate\\Http\\Request))
#32 /usr/local/var/www/eoffcn/test-dk/vendor/laravel/framework/src/Illuminate/Pipeline/Pipeline.php(149): Illuminate\\Foundation\\Http\\Middleware\\ValidatePostSize->handle(Object(Illuminate\\Http\\Request), Object(Closure))
#33 /usr/local/var/www/eoffcn/test-dk/vendor/laravel/framework/src/Illuminate/Routing/Pipeline.php(53): Illuminate\\Pipeline\\Pipeline->Illuminate\\Pipeline\\{closure}(Object(Illuminate\\Http\\Request))
#34 /usr/local/var/www/eoffcn/test-dk/vendor/laravel/framework/src/Illuminate/Foundation/Http/Middleware/CheckForMaintenanceMode.php(46): Illuminate\\Routing\\Pipeline->Illuminate\\Routing\\{closure}(Object(Illuminate\\Http\\Request))
#35 /usr/local/var/www/eoffcn/test-dk/vendor/laravel/framework/src/Illuminate/Pipeline/Pipeline.php(149): Illuminate\\Foundation\\Http\\Middleware\\CheckForMaintenanceMode->handle(Object(Illuminate\\Http\\Request), Object(Closure))
#36 /usr/local/var/www/eoffcn/test-dk/vendor/laravel/framework/src/Illuminate/Routing/Pipeline.php(53): Illuminate\\Pipeline\\Pipeline->Illuminate\\Pipeline\\{closure}(Object(Illuminate\\Http\\Request))
#37 /usr/local/var/www/eoffcn/test-dk/vendor/laravel/framework/src/Illuminate/Pipeline/Pipeline.php(102): Illuminate\\Routing\\Pipeline->Illuminate\\Routing\\{closure}(Object(Illuminate\\Http\\Request))
#38 /usr/local/var/www/eoffcn/test-dk/vendor/laravel/framework/src/Illuminate/Foundation/Http/Kernel.php(151): Illuminate\\Pipeline\\Pipeline->then(Object(Closure))
#39 /usr/local/var/www/eoffcn/test-dk/vendor/laravel/framework/src/Illuminate/Foundation/Http/Kernel.php(116): Illuminate\\Foundation\\Http\\Kernel->sendRequestThroughRouter(Object(Illuminate\\Http\\Request))
#40 /usr/local/var/www/eoffcn/test-dk/public/index.php(55): Illuminate\\Foundation\\Http\\Kernel->handle(Object(Illuminate\\Http\\Request))
#41 {main}
"} 
[2018-07-17 10:10:43] local.ERROR: Please provide a valid cache path. {"exception":"[object] (InvalidArgumentException(code: 0): Please provide a valid cache path. at /usr/local/var/www/eoffcn/test-dk/vendor/laravel/framework/src/Illuminate/View/Compilers/Compiler.php:36)
[stacktrace]
#0 /usr/local/var/www/eoffcn/test-dk/vendor/laravel/framework/src/Illuminate/View/ViewServiceProvider.php(141): Illuminate\\View\\Compilers\\Compiler->__construct(Object(Illuminate\\Filesystem\\Filesystem), false)
#1 /usr/local/var/www/eoffcn/test-dk/vendor/laravel/framework/src/Illuminate/Container/Container.php(749): Illuminate\\View\\ViewServiceProvider->Illuminate\\View\\{closure}(Object(Illuminate\\Foundation\\Application), Array)
#2 /usr/local/var/www/eoffcn/test-dk/vendor/laravel/framework/src/Illuminate/Container/Container.php(631): Illuminate\\Container\\Container->build(Object(Closure))
#3 /usr/local/var/www/eoffcn/test-dk/vendor/laravel/framework/src/Illuminate/Container/Container.php(586): Illuminate\\Container\\Container->resolve('blade.compiler', Array)
#4 /usr/local/var/www/eoffcn/test-dk/vendor/laravel/framework/src/Illuminate/Foundation/Application.php(732): Illuminate\\Container\\Container->make('blade.compiler', Array)
#5 /usr/local/var/www/eoffcn/test-dk/vendor/laravel/framework/src/Illuminate/Container/Container.php(1195): Illuminate\\Foundation\\Application->make('blade.compiler')
#6 /usr/local/var/www/eoffcn/test-dk/vendor/laravel/framework/src/Illuminate/View/ViewServiceProvider.php(146): Illuminate\\Container\\Container->offsetGet('blade.compiler')
#7 [internal function]: Illuminate\\View\\ViewServiceProvider->Illuminate\\View\\{closure}()
#8 /usr/local/var/www/eoffcn/test-dk/vendor/laravel/framework/src/Illuminate/View/Engines/EngineResolver.php(54): call_user_func(Object(Closure))
#9 /usr/local/var/www/eoffcn/test-dk/vendor/laravel/framework/src/Illuminate/View/Factory.php(284): Illuminate\\View\\Engines\\EngineResolver->resolve('blade')
#10 /usr/local/var/www/eoffcn/test-dk/vendor/laravel/framework/src/Illuminate/View/Factory.php(248): Illuminate\\View\\Factory->getEngineFromPath('/usr/local/var/...')
#11 /usr/local/var/www/eoffcn/test-dk/vendor/laravel/framework/src/Illuminate/View/Factory.php(136): Illuminate\\View\\Factory->viewInstance('admin.user.crea...', '/usr/local/var/...', Array)
#12 /usr/local/var/www/eoffcn/test-dk/vendor/laravel/framework/src/Illuminate/Foundation/helpers.php(977): Illuminate\\View\\Factory->make('admin.user.crea...', Array, Array)
#13 /usr/local/var/www/eoffcn/test-dk/app/Http/Controllers/Admin/UserController.php(76): view('admin.user.crea...', Array)
#14 [internal function]: App\\Http\\Controllers\\Admin\\UserController->create()
#15 /usr/local/var/www/eoffcn/test-dk/vendor/laravel/framework/src/Illuminate/Routing/Controller.php(54): call_user_func_array(Array, Array)
#16 /usr/local/var/www/eoffcn/test-dk/vendor/laravel/framework/src/Illuminate/Routing/ControllerDispatcher.php(45): Illuminate\\Routing\\Controller->callAction('create', Array)
#17 /usr/local/var/www/eoffcn/test-dk/vendor/laravel/framework/src/Illuminate/Routing/Route.php(212): Illuminate\\Routing\\ControllerDispatcher->dispatch(Object(Illuminate\\Routing\\Route), Object(App\\Http\\Controllers\\Admin\\UserController), 'create')
#18 /usr/local/var/www/eoffcn/test-dk/vendor/laravel/framework/src/Illuminate/Routing/Route.php(169): Illuminate\\Routing\\Route->runController()
#19 /usr/local/var/www/eoffcn/test-dk/vendor/laravel/framework/src/Illuminate/Routing/Router.php(658): Illuminate\\Routing\\Route->run()
#20 /usr/local/var/www/eoffcn/test-dk/vendor/laravel/framework/src/Illuminate/Routing/Pipeline.php(30): Illuminate\\Routing\\Router->Illuminate\\Routing\\{closure}(Object(Illuminate\\Http\\Request))
#21 /usr/local/var/www/eoffcn/test-dk/app/Http/Middleware/RegisterBreadcrumbs.php(23): Illuminate\\Routing\\Pipeline->Illuminate\\Routing\\{closure}(Object(Illuminate\\Http\\Request))
#22 /usr/local/var/www/eoffcn/test-dk/vendor/laravel/framework/src/Illuminate/Pipeline/Pipeline.php(149): App\\Http\\Middleware\\RegisterBreadcrumbs->handle(Object(Illuminate\\Http\\Request), Object(Closure))
#23 /usr/local/var/www/eoffcn/test-dk/vendor/laravel/framework/src/Illuminate/Routing/Pipeline.php(53): Illuminate\\Pipeline\\Pipeline->Illuminate\\Pipeline\\{closure}(Object(Illuminate\\Http\\Request))
#24 /usr/local/var/www/eoffcn/test-dk/app/Http/Middleware/AuthenticateAdmin.php(24): Illuminate\\Routing\\Pipeline->Illuminate\\Routing\\{closure}(Object(Illuminate\\Http\\Request))
#25 /usr/local/var/www/eoffcn/test-dk/vendor/laravel/framework/src/Illuminate/Pipeline/Pipeline.php(149): App\\Http\\Middleware\\AuthenticateAdmin->handle(Object(Illuminate\\Http\\Request), Object(Closure))
#26 /usr/local/var/www/eoffcn/test-dk/vendor/laravel/framework/src/Illuminate/Routing/Pipeline.php(53): Illuminate\\Pipeline\\Pipeline->Illuminate\\Pipeline\\{closure}(Object(Illuminate\\Http\\Request))
#27 /usr/local/var/www/eoffcn/test-dk/app/Http/Middleware/GetMenu.php(21): Illuminate\\Routing\\Pipeline->Illuminate\\Routing\\{closure}(Object(Illuminate\\Http\\Request))
#28 /usr/local/var/www/eoffcn/test-dk/vendor/laravel/framework/src/Illuminate/Pipeline/Pipeline.php(149): App\\Http\\Middleware\\GetMenu->handle(Object(Illuminate\\Http\\Request), Object(Closure))
#29 /usr/local/var/www/eoffcn/test-dk/vendor/laravel/framework/src/Illuminate/Routing/Pipeline.php(53): Illuminate\\Pipeline\\Pipeline->Illuminate\\Pipeline\\{closure}(Object(Illuminate\\Http\\Request))
#30 /usr/local/var/www/eoffcn/test-dk/app/Http/Middleware/Authenticate.php(33): Illuminate\\Routing\\Pipeline->Illuminate\\Routing\\{closure}(Object(Illuminate\\Http\\Request))
#31 /usr/local/var/www/eoffcn/test-dk/vendor/laravel/framework/src/Illuminate/Pipeline/Pipeline.php(149): App\\Http\\Middleware\\Authenticate->handle(Object(Illuminate\\Http\\Request), Object(Closure), 'admin')
#32 /usr/local/var/www/eoffcn/test-dk/vendor/laravel/framework/src/Illuminate/Routing/Pipeline.php(53): Illuminate\\Pipeline\\Pipeline->Illuminate\\Pipeline\\{closure}(Object(Illuminate\\Http\\Request))
#33 /usr/local/var/www/eoffcn/test-dk/vendor/laravel/framework/src/Illuminate/Routing/Middleware/SubstituteBindings.php(41): Illuminate\\Routing\\Pipeline->Illuminate\\Routing\\{closure}(Object(Illuminate\\Http\\Request))
#34 /usr/local/var/www/eoffcn/test-dk/vendor/laravel/framework/src/Illuminate/Pipeline/Pipeline.php(149): Illuminate\\Routing\\Middleware\\SubstituteBindings->handle(Object(Illuminate\\Http\\Request), Object(Closure))
#35 /usr/local/var/www/eoffcn/test-dk/vendor/laravel/framework/src/Illuminate/Routing/Pipeline.php(53): Illuminate\\Pipeline\\Pipeline->Illuminate\\Pipeline\\{closure}(Object(Illuminate\\Http\\Request))
#36 /usr/local/var/www/eoffcn/test-dk/vendor/laravel/framework/src/Illuminate/Foundation/Http/Middleware/VerifyCsrfToken.php(67): Illuminate\\Routing\\Pipeline->Illuminate\\Routing\\{closure}(Object(Illuminate\\Http\\Request))
#37 /usr/local/var/www/eoffcn/test-dk/vendor/laravel/framework/src/Illuminate/Pipeline/Pipeline.php(149): Illuminate\\Foundation\\Http\\Middleware\\VerifyCsrfToken->handle(Object(Illuminate\\Http\\Request), Object(Closure))
#38 /usr/local/var/www/eoffcn/test-dk/vendor/laravel/framework/src/Illuminate/Routing/Pipeline.php(53): Illuminate\\Pipeline\\Pipeline->Illuminate\\Pipeline\\{closure}(Object(Illuminate\\Http\\Request))
#39 /usr/local/var/www/eoffcn/test-dk/vendor/laravel/framework/src/Illuminate/View/Middleware/ShareErrorsFromSession.php(49): Illuminate\\Routing\\Pipeline->Illuminate\\Routing\\{closure}(Object(Illuminate\\Http\\Request))
#40 /usr/local/var/www/eoffcn/test-dk/vendor/laravel/framework/src/Illuminate/Pipeline/Pipeline.php(149): Illuminate\\View\\Middleware\\ShareErrorsFromSession->handle(Object(Illuminate\\Http\\Request), Object(Closure))
#41 /usr/local/var/www/eoffcn/test-dk/vendor/laravel/framework/src/Illuminate/Routing/Pipeline.php(53): Illuminate\\Pipeline\\Pipeline->Illuminate\\Pipeline\\{closure}(Object(Illuminate\\Http\\Request))
#42 /usr/local/var/www/eoffcn/test-dk/vendor/laravel/framework/src/Illuminate/Session/Middleware/StartSession.php(63): Illuminate\\Routing\\Pipeline->Illuminate\\Routing\\{closure}(Object(Illuminate\\Http\\Request))
#43 /usr/local/var/www/eoffcn/test-dk/vendor/laravel/framework/src/Illuminate/Pipeline/Pipeline.php(149): Illuminate\\Session\\Middleware\\StartSession->handle(Object(Illuminate\\Http\\Request), Object(Closure))
#44 /usr/local/var/www/eoffcn/test-dk/vendor/laravel/framework/src/Illuminate/Routing/Pipeline.php(53): Illuminate\\Pipeline\\Pipeline->Illuminate\\Pipeline\\{closure}(Object(Illuminate\\Http\\Request))
#45 /usr/local/var/www/eoffcn/test-dk/vendor/laravel/framework/src/Illuminate/Cookie/Middleware/AddQueuedCookiesToResponse.php(37): Illuminate\\Routing\\Pipeline->Illuminate\\Routing\\{closure}(Object(Illuminate\\Http\\Request))
#46 /usr/local/var/www/eoffcn/test-dk/vendor/laravel/framework/src/Illuminate/Pipeline/Pipeline.php(149): Illuminate\\Cookie\\Middleware\\AddQueuedCookiesToResponse->handle(Object(Illuminate\\Http\\Request), Object(Closure))
#47 /usr/local/var/www/eoffcn/test-dk/vendor/laravel/framework/src/Illuminate/Routing/Pipeline.php(53): Illuminate\\Pipeline\\Pipeline->Illuminate\\Pipeline\\{closure}(Object(Illuminate\\Http\\Request))
#48 /usr/local/var/www/eoffcn/test-dk/vendor/laravel/framework/src/Illuminate/Cookie/Middleware/EncryptCookies.php(59): Illuminate\\Routing\\Pipeline->Illuminate\\Routing\\{closure}(Object(Illuminate\\Http\\Request))
#49 /usr/local/var/www/eoffcn/test-dk/vendor/laravel/framework/src/Illuminate/Pipeline/Pipeline.php(149): Illuminate\\Cookie\\Middleware\\EncryptCookies->handle(Object(Illuminate\\Http\\Request), Object(Closure))
#50 /usr/local/var/www/eoffcn/test-dk/vendor/laravel/framework/src/Illuminate/Routing/Pipeline.php(53): Illuminate\\Pipeline\\Pipeline->Illuminate\\Pipeline\\{closure}(Object(Illuminate\\Http\\Request))
#51 /usr/local/var/www/eoffcn/test-dk/vendor/laravel/framework/src/Illuminate/Pipeline/Pipeline.php(102): Illuminate\\Routing\\Pipeline->Illuminate\\Routing\\{closure}(Object(Illuminate\\Http\\Request))
#52 /usr/local/var/www/eoffcn/test-dk/vendor/laravel/framework/src/Illuminate/Routing/Router.php(660): Illuminate\\Pipeline\\Pipeline->then(Object(Closure))
#53 /usr/local/var/www/eoffcn/test-dk/vendor/laravel/framework/src/Illuminate/Routing/Router.php(635): Illuminate\\Routing\\Router->runRouteWithinStack(Object(Illuminate\\Routing\\Route), Object(Illuminate\\Http\\Request))
#54 /usr/local/var/www/eoffcn/test-dk/vendor/laravel/framework/src/Illuminate/Routing/Router.php(601): Illuminate\\Routing\\Router->runRoute(Object(Illuminate\\Http\\Request), Object(Illuminate\\Routing\\Route))
#55 /usr/local/var/www/eoffcn/test-dk/vendor/laravel/framework/src/Illuminate/Routing/Router.php(590): Illuminate\\Routing\\Router->dispatchToRoute(Object(Illuminate\\Http\\Request))
#56 /usr/local/var/www/eoffcn/test-dk/vendor/laravel/framework/src/Illuminate/Foundation/Http/Kernel.php(176): Illuminate\\Routing\\Router->dispatch(Object(Illuminate\\Http\\Request))
#57 /usr/local/var/www/eoffcn/test-dk/vendor/laravel/framework/src/Illuminate/Routing/Pipeline.php(30): Illuminate\\Foundation\\Http\\Kernel->Illuminate\\Foundation\\Http\\{closure}(Object(Illuminate\\Http\\Request))
#58 /usr/local/var/www/eoffcn/test-dk/vendor/barryvdh/laravel-debugbar/src/Middleware/InjectDebugbar.php(65): Illuminate\\Routing\\Pipeline->Illuminate\\Routing\\{closure}(Object(Illuminate\\Http\\Request))
#59 /usr/local/var/www/eoffcn/test-dk/vendor/laravel/framework/src/Illuminate/Pipeline/Pipeline.php(149): Barryvdh\\Debugbar\\Middleware\\InjectDebugbar->handle(Object(Illuminate\\Http\\Request), Object(Closure))
#60 /usr/local/var/www/eoffcn/test-dk/vendor/laravel/framework/src/Illuminate/Routing/Pipeline.php(53): Illuminate\\Pipeline\\Pipeline->Illuminate\\Pipeline\\{closure}(Object(Illuminate\\Http\\Request))
#61 /usr/local/var/www/eoffcn/test-dk/vendor/fideloper/proxy/src/TrustProxies.php(56): Illuminate\\Routing\\Pipeline->Illuminate\\Routing\\{closure}(Object(Illuminate\\Http\\Request))
#62 /usr/local/var/www/eoffcn/test-dk/vendor/laravel/framework/src/Illuminate/Pipeline/Pipeline.php(149): Fideloper\\Proxy\\TrustProxies->handle(Object(Illuminate\\Http\\Request), Object(Closure))
#63 /usr/local/var/www/eoffcn/test-dk/vendor/laravel/framework/src/Illuminate/Routing/Pipeline.php(53): Illuminate\\Pipeline\\Pipeline->Illuminate\\Pipeline\\{closure}(Object(Illuminate\\Http\\Request))
#64 /usr/local/var/www/eoffcn/test-dk/vendor/laravel/framework/src/Illuminate/Foundation/Http/Middleware/TransformsRequest.php(30): Illuminate\\Routing\\Pipeline->Illuminate\\Routing\\{closure}(Object(Illuminate\\Http\\Request))
#65 /usr/local/var/www/eoffcn/test-dk/vendor/laravel/framework/src/Illuminate/Pipeline/Pipeline.php(149): Illuminate\\Foundation\\Http\\Middleware\\TransformsRequest->handle(Object(Illuminate\\Http\\Request), Object(Closure))
#66 /usr/local/var/www/eoffcn/test-dk/vendor/laravel/framework/src/Illuminate/Routing/Pipeline.php(53): Illuminate\\Pipeline\\Pipeline->Illuminate\\Pipeline\\{closure}(Object(Illuminate\\Http\\Request))
#67 /usr/local/var/www/eoffcn/test-dk/vendor/laravel/framework/src/Illuminate/Foundation/Http/Middleware/TransformsRequest.php(30): Illuminate\\Routing\\Pipeline->Illuminate\\Routing\\{closure}(Object(Illuminate\\Http\\Request))
#68 /usr/local/var/www/eoffcn/test-dk/vendor/laravel/framework/src/Illuminate/Pipeline/Pipeline.php(149): Illuminate\\Foundation\\Http\\Middleware\\TransformsRequest->handle(Object(Illuminate\\Http\\Request), Object(Closure))
#69 /usr/local/var/www/eoffcn/test-dk/vendor/laravel/framework/src/Illuminate/Routing/Pipeline.php(53): Illuminate\\Pipeline\\Pipeline->Illuminate\\Pipeline\\{closure}(Object(Illuminate\\Http\\Request))
#70 /usr/local/var/www/eoffcn/test-dk/vendor/laravel/framework/src/Illuminate/Foundation/Http/Middleware/ValidatePostSize.php(27): Illuminate\\Routing\\Pipeline->Illuminate\\Routing\\{closure}(Object(Illuminate\\Http\\Request))
#71 /usr/local/var/www/eoffcn/test-dk/vendor/laravel/framework/src/Illuminate/Pipeline/Pipeline.php(149): Illuminate\\Foundation\\Http\\Middleware\\ValidatePostSize->handle(Object(Illuminate\\Http\\Request), Object(Closure))
#72 /usr/local/var/www/eoffcn/test-dk/vendor/laravel/framework/src/Illuminate/Routing/Pipeline.php(53): Illuminate\\Pipeline\\Pipeline->Illuminate\\Pipeline\\{closure}(Object(Illuminate\\Http\\Request))
#73 /usr/local/var/www/eoffcn/test-dk/vendor/laravel/framework/src/Illuminate/Foundation/Http/Middleware/CheckForMaintenanceMode.php(46): Illuminate\\Routing\\Pipeline->Illuminate\\Routing\\{closure}(Object(Illuminate\\Http\\Request))
#74 /usr/local/var/www/eoffcn/test-dk/vendor/laravel/framework/src/Illuminate/Pipeline/Pipeline.php(149): Illuminate\\Foundation\\Http\\Middleware\\CheckForMaintenanceMode->handle(Object(Illuminate\\Http\\Request), Object(Closure))
#75 /usr/local/var/www/eoffcn/test-dk/vendor/laravel/framework/src/Illuminate/Routing/Pipeline.php(53): Illuminate\\Pipeline\\Pipeline->Illuminate\\Pipeline\\{closure}(Object(Illuminate\\Http\\Request))
#76 /usr/local/var/www/eoffcn/test-dk/vendor/laravel/framework/src/Illuminate/Pipeline/Pipeline.php(102): Illuminate\\Routing\\Pipeline->Illuminate\\Routing\\{closure}(Object(Illuminate\\Http\\Request))
#77 /usr/local/var/www/eoffcn/test-dk/vendor/laravel/framework/src/Illuminate/Foundation/Http/Kernel.php(151): Illuminate\\Pipeline\\Pipeline->then(Object(Closure))
#78 /usr/local/var/www/eoffcn/test-dk/vendor/laravel/framework/src/Illuminate/Foundation/Http/Kernel.php(116): Illuminate\\Foundation\\Http\\Kernel->sendRequestThroughRouter(Object(Illuminate\\Http\\Request))
#79 /usr/local/var/www/eoffcn/test-dk/public/index.php(55): Illuminate\\Foundation\\Http\\Kernel->handle(Object(Illuminate\\Http\\Request))
#80 {main}
"} 
